[05:07:36] [ServerMain/INFO]: Environment: authHost='https://authserver.mojang.com', accountsHost='https://api.mojang.com', sessionHost='https://sessionserver.mojang.com', servicesHost='https://api.minecraftservices.com', name='PROD'
[05:07:37] [ServerMain/INFO]: Loaded 7 recipes
[05:07:37] [ServerMain/INFO]: Loaded 1271 advancements
[05:07:37] [Server thread/INFO]: Starting minecraft server version 1.20.1
[05:07:37] [Server thread/INFO]: Loading properties
[05:07:37] [Server thread/INFO]: Default game type: SURVIVAL
[05:07:37] [Server thread/INFO]: Generating keypair
[05:07:38] [Server thread/INFO]: Starting Minecraft server on *:25565
[05:07:38] [Server thread/INFO]: Using epoll channel type
[05:07:38] [Server thread/WARN]: **** SERVER IS RUNNING IN OFFLINE/INSECURE MODE!
[05:07:38] [Server thread/WARN]: The server will make no attempt to authenticate usernames. Beware.
[05:07:38] [Server thread/WARN]: While this makes the game possible to play without internet access, it also opens up the ability for hackers to connect with any username they choose.
[05:07:38] [Server thread/WARN]: To change this, set "online-mode" to "true" in the server.properties file.
[05:07:38] [Server thread/INFO]: Preparing level "world"
[05:07:43] [Server thread/INFO]: Preparing start region for dimension minecraft:overworld
[05:07:44] [Worker-Main-1/INFO]: Preparing spawn area: 0%
[05:07:44] [Worker-Main-2/INFO]: Preparing spawn area: 0%
[05:07:44] [Worker-Main-3/INFO]: Preparing spawn area: 0%
[05:07:45] [Worker-Main-2/INFO]: Preparing spawn area: 0%
[05:07:45] [Worker-Main-1/INFO]: Preparing spawn area: 1%
[05:07:46] [Worker-Main-2/INFO]: Preparing spawn area: 1%
[05:07:46] [Worker-Main-2/INFO]: Preparing spawn area: 2%
[05:07:47] [Worker-Main-3/INFO]: Preparing spawn area: 2%
[05:07:47] [Worker-Main-1/INFO]: Preparing spawn area: 4%
[05:07:48] [Worker-Main-2/INFO]: Preparing spawn area: 5%
[05:07:48] [Worker-Main-3/INFO]: Preparing spawn area: 6%
[05:07:49] [Worker-Main-3/INFO]: Preparing spawn area: 7%
[05:07:49] [Worker-Main-3/INFO]: Preparing spawn area: 9%
[05:07:50] [Worker-Main-3/INFO]: Preparing spawn area: 10%
[05:07:50] [Worker-Main-1/INFO]: Preparing spawn area: 13%
[05:07:51] [Worker-Main-1/INFO]: Preparing spawn area: 14%
[05:07:51] [Worker-Main-2/INFO]: Preparing spawn area: 16%
[05:07:52] [Worker-Main-2/INFO]: Preparing spawn area: 17%
[05:07:52] [Worker-Main-1/INFO]: Preparing spawn area: 20%
[05:07:53] [Worker-Main-2/INFO]: Preparing spawn area: 22%
[05:07:53] [Worker-Main-3/INFO]: Preparing spawn area: 23%
[05:07:54] [Worker-Main-3/INFO]: Preparing spawn area: 25%
[05:07:54] [Worker-Main-2/INFO]: Preparing spawn area: 27%
[05:07:55] [Worker-Main-3/INFO]: Preparing spawn area: 31%
[05:07:55] [Worker-Main-3/INFO]: Preparing spawn area: 32%
[05:07:56] [Worker-Main-3/INFO]: Preparing spawn area: 34%
[05:07:56] [Worker-Main-3/INFO]: Preparing spawn area: 35%
[05:07:57] [Worker-Main-2/INFO]: Preparing spawn area: 38%
[05:07:57] [Worker-Main-3/INFO]: Preparing spawn area: 41%
[05:07:58] [Worker-Main-1/INFO]: Preparing spawn area: 43%
[05:07:58] [Worker-Main-3/INFO]: Preparing spawn area: 45%
[05:07:59] [Worker-Main-1/INFO]: Preparing spawn area: 47%
[05:07:59] [Worker-Main-3/INFO]: Preparing spawn area: 50%
[05:08:00] [Worker-Main-2/INFO]: Preparing spawn area: 53%
[05:08:00] [Worker-Main-1/INFO]: Preparing spawn area: 55%
[05:08:01] [Worker-Main-1/INFO]: Preparing spawn area: 57%
[05:08:01] [Worker-Main-2/INFO]: Preparing spawn area: 60%
[05:08:02] [Worker-Main-2/INFO]: Preparing spawn area: 63%
[05:08:02] [Worker-Main-2/INFO]: Preparing spawn area: 66%
[05:08:03] [Worker-Main-1/INFO]: Preparing spawn area: 68%
[05:08:03] [Worker-Main-2/INFO]: Preparing spawn area: 70%
[05:08:04] [Worker-Main-2/INFO]: Preparing spawn area: 73%
[05:08:04] [Worker-Main-3/INFO]: Preparing spawn area: 77%
[05:08:05] [Worker-Main-1/INFO]: Preparing spawn area: 79%
[05:08:05] [Worker-Main-1/INFO]: Preparing spawn area: 83%
[05:08:06] [Worker-Main-1/INFO]: Preparing spawn area: 84%
[05:08:06] [Worker-Main-2/INFO]: Preparing spawn area: 88%
[05:08:07] [Worker-Main-3/INFO]: Preparing spawn area: 92%
[05:08:07] [Worker-Main-3/INFO]: Preparing spawn area: 94%
[05:08:08] [Worker-Main-2/INFO]: Preparing spawn area: 97%
[05:08:08] [Server thread/INFO]: Time elapsed: 24846 ms
[05:08:08] [Server thread/INFO]: Done (30.416s)! For help, type "help"
[05:11:51] [Server thread/INFO]: art[/127.184.146.16:57097] logged in with entity id 160 at (37.5, 72.0, -60.5)
[05:11:51] [Server thread/INFO]: art joined the game
[05:12:03] [Server thread/INFO]: An unexpected error occurred trying to execute that command
[05:12:03] [Server thread/WARN]: Can't keep up! Is the server overloaded? Running 2143ms or 42 ticks behind
[05:12:31] [Server thread/INFO]: Made art a server operator
[05:12:43] [Server thread/INFO]: [art: Set own game mode to Creative Mode]
[05:13:59] [Server thread/INFO]: [art: Summoned new Fireball]
[05:14:43] [Server thread/INFO]: art was killed
[05:14:43] [Server thread/INFO]: [art: Killed 161 entities]
[05:16:40] [Server thread/INFO]: [art: Summoned new Fireball]
[05:17:06] [Server thread/INFO]: [art: Summoned new Fireball]
